e:\fourth\first\hpc\project\hpc_projecttemplate\hpc_projecttemplate\hpc_projecttemplate\debug\vc142.pdb
e:\fourth\first\hpc\project\hpc_projecttemplate\hpc_projecttemplate\hpc_projecttemplate\debug\.netframework,version=v4.0.assemblyattributes.obj
e:\fourth\first\hpc\project\hpc_projecttemplate\hpc_projecttemplate\hpc_projecttemplate\debug\.netframework,version=v4.0.assemblyattributes.asm
e:\fourth\first\hpc\project\hpc_projecttemplate\hpc_projecttemplate\hpc_projecttemplate\debug\source.obj
e:\fourth\first\hpc\project\hpc_projecttemplate\hpc_projecttemplate\debug\hpc_projecttemplate.exe
e:\fourth\first\hpc\project\hpc_projecttemplate\hpc_projecttemplate\debug\hpc_projecttemplate.pdb
e:\fourth\first\hpc\project\hpc_projecttemplate\hpc_projecttemplate\hpc_projecttemplate\debug\hpc_projecttemplate.vcxprojassemblyreference.cache
e:\fourth\first\hpc\project\hpc_projecttemplate\hpc_projecttemplate\hpc_projecttemplate\debug\hpc_proj.7aebee7c.tlog\cl.command.1.tlog
e:\fourth\first\hpc\project\hpc_projecttemplate\hpc_projecttemplate\hpc_projecttemplate\debug\hpc_proj.7aebee7c.tlog\cl.read.1.tlog
e:\fourth\first\hpc\project\hpc_projecttemplate\hpc_projecttemplate\hpc_projecttemplate\debug\hpc_proj.7aebee7c.tlog\cl.write.1.tlog
e:\fourth\first\hpc\project\hpc_projecttemplate\hpc_projecttemplate\hpc_projecttemplate\debug\hpc_proj.7aebee7c.tlog\link.10484.delete.1.tlog
e:\fourth\first\hpc\project\hpc_projecttemplate\hpc_projecttemplate\hpc_projecttemplate\debug\hpc_proj.7aebee7c.tlog\link.12420.delete.1.tlog
e:\fourth\first\hpc\project\hpc_projecttemplate\hpc_projecttemplate\hpc_projecttemplate\debug\hpc_proj.7aebee7c.tlog\link.12760.delete.1.tlog
e:\fourth\first\hpc\project\hpc_projecttemplate\hpc_projecttemplate\hpc_projecttemplate\debug\hpc_proj.7aebee7c.tlog\link.13096.delete.1.tlog
e:\fourth\first\hpc\project\hpc_projecttemplate\hpc_projecttemplate\hpc_projecttemplate\debug\hpc_proj.7aebee7c.tlog\link.15596.delete.1.tlog
e:\fourth\first\hpc\project\hpc_projecttemplate\hpc_projecttemplate\hpc_projecttemplate\debug\hpc_proj.7aebee7c.tlog\link.16080.delete.1.tlog
e:\fourth\first\hpc\project\hpc_projecttemplate\hpc_projecttemplate\hpc_projecttemplate\debug\hpc_proj.7aebee7c.tlog\link.18484.delete.1.tlog
e:\fourth\first\hpc\project\hpc_projecttemplate\hpc_projecttemplate\hpc_projecttemplate\debug\hpc_proj.7aebee7c.tlog\link.19056.delete.1.tlog
e:\fourth\first\hpc\project\hpc_projecttemplate\hpc_projecttemplate\hpc_projecttemplate\debug\hpc_proj.7aebee7c.tlog\link.20308.delete.1.tlog
e:\fourth\first\hpc\project\hpc_projecttemplate\hpc_projecttemplate\hpc_projecttemplate\debug\hpc_proj.7aebee7c.tlog\link.22620.delete.1.tlog
e:\fourth\first\hpc\project\hpc_projecttemplate\hpc_projecttemplate\hpc_projecttemplate\debug\hpc_proj.7aebee7c.tlog\link.23180.delete.1.tlog
e:\fourth\first\hpc\project\hpc_projecttemplate\hpc_projecttemplate\hpc_projecttemplate\debug\hpc_proj.7aebee7c.tlog\link.2960.delete.1.tlog
e:\fourth\first\hpc\project\hpc_projecttemplate\hpc_projecttemplate\hpc_projecttemplate\debug\hpc_proj.7aebee7c.tlog\link.3336.delete.1.tlog
e:\fourth\first\hpc\project\hpc_projecttemplate\hpc_projecttemplate\hpc_projecttemplate\debug\hpc_proj.7aebee7c.tlog\link.3372.delete.1.tlog
e:\fourth\first\hpc\project\hpc_projecttemplate\hpc_projecttemplate\hpc_projecttemplate\debug\hpc_proj.7aebee7c.tlog\link.6148.delete.1.tlog
e:\fourth\first\hpc\project\hpc_projecttemplate\hpc_projecttemplate\hpc_projecttemplate\debug\hpc_proj.7aebee7c.tlog\link.7396.delete.1.tlog
e:\fourth\first\hpc\project\hpc_projecttemplate\hpc_projecttemplate\hpc_projecttemplate\debug\hpc_proj.7aebee7c.tlog\link.764.delete.1.tlog
e:\fourth\first\hpc\project\hpc_projecttemplate\hpc_projecttemplate\hpc_projecttemplate\debug\hpc_proj.7aebee7c.tlog\link.8600.delete.1.tlog
e:\fourth\first\hpc\project\hpc_projecttemplate\hpc_projecttemplate\hpc_projecttemplate\debug\hpc_proj.7aebee7c.tlog\link.8908.delete.1.tlog
e:\fourth\first\hpc\project\hpc_projecttemplate\hpc_projecttemplate\hpc_projecttemplate\debug\hpc_proj.7aebee7c.tlog\link.9308.delete.1.tlog
e:\fourth\first\hpc\project\hpc_projecttemplate\hpc_projecttemplate\hpc_projecttemplate\debug\hpc_proj.7aebee7c.tlog\link.command.1.tlog
e:\fourth\first\hpc\project\hpc_projecttemplate\hpc_projecttemplate\hpc_projecttemplate\debug\hpc_proj.7aebee7c.tlog\link.read.1.tlog
e:\fourth\first\hpc\project\hpc_projecttemplate\hpc_projecttemplate\hpc_projecttemplate\debug\hpc_proj.7aebee7c.tlog\link.write.1.tlog
e:\fourth\first\hpc\project\hpc_projecttemplate\hpc_projecttemplate\hpc_projecttemplate\debug\hpc_proj.7aebee7c.tlog\metagen.read.1.tlog
e:\fourth\first\hpc\project\hpc_projecttemplate\hpc_projecttemplate\hpc_projecttemplate\debug\hpc_proj.7aebee7c.tlog\metagen.write.1.tlog
